Added Component: Designator=D_3.3(LED-1)
Added Component: Designator=D_5(LED-1)
Added Component: Designator=R_3.3(RESC6332)
Added Component: Designator=R_5(RESC6332)
Added Component: Designator=Shield_ADC(HDR1X6)
Added Component: Designator=Shield Power(HDR1X8)
Added Pin To Net: NetName=GND Pin=D_3.3-2
Added Pin To Net: NetName=GND Pin=D_5-2
Added Pin To Net: NetName=+3.3V Pin=R_3.3-2
Added Pin To Net: NetName=+5V Pin=R_5-2
Added Pin To Net: NetName=NetDuino Conn_A5 Pin=Shield_ADC-1
Added Pin To Net: NetName=NetDuino Conn_A4 Pin=Shield_ADC-2
Added Pin To Net: NetName=NetDuino Conn_A3 Pin=Shield_ADC-3
Added Pin To Net: NetName=NetDuino Conn_A2 Pin=Shield_ADC-4
Added Pin To Net: NetName=NetDuino Conn_A1 Pin=Shield_ADC-5
Added Pin To Net: NetName=NetDuino Conn_A0 Pin=Shield_ADC-6
Added Pin To Net: NetName=NetDuino Conn_VIN Pin=Shield Power-1
Added Pin To Net: NetName=GND Pin=Shield Power-2
Added Pin To Net: NetName=GND Pin=Shield Power-3
Added Pin To Net: NetName=+5V Pin=Shield Power-4
Added Pin To Net: NetName=+3.3V Pin=Shield Power-5
Added Pin To Net: NetName=NetDuino Conn_RES Pin=Shield Power-6
Added Pin To Net: NetName=NetDuino Conn_IOREF Pin=Shield Power-7
Added Pin To Net: NetName=NetpcDuino Power_8 Pin=Shield Power-8
Added Pin To Net: NetName=NetD_3.3_1 Pin=D_3.3-1
Added Pin To Net: NetName=NetD_3.3_1 Pin=R_3.3-1
Added Net: Name=NetD_3.3_1
Added Pin To Net: NetName=NetD_5_1 Pin=D_5-1
Added Pin To Net: NetName=NetD_5_1 Pin=R_5-1
Added Net: Name=NetD_5_1
Added Member To Class: ClassName=Power_In Member=Component D_3.3 LED1
Added Member To Class: ClassName=Power_In Member=Component D_5 LED1
Added Member To Class: ClassName=Power_In Member=Component R_3.3 Res
Added Member To Class: ClassName=Power_In Member=Component R_5 Res
Added Member To Class: ClassName=pcDuino Link Board Member=Component Shield_ADC Header 6
Added Member To Class: ClassName=pcDuino Link Board Member=Component Shield Power Header 8
Added Room: Name=pcDuino Link Board
Added Room: Name=Power_In
